[20-Jul-2023 08:58:59 Europe/Berlin] API Response: Array
(
    [result] => 1
    [code] => 100
    [message] => Message successfully sent.
)

[21-Jul-2023 07:53:04 Europe/Berlin] API Response: Array
(
    [result] => 1
    [code] => 100
    [message] => Message successfully sent.
)

[21-Jul-2023 08:05:58 Europe/Berlin] API Response: Array
(
    [result] => 1
    [code] => 100
    [message] => Message successfully sent.
)

[21-Jul-2023 08:07:26 Europe/Berlin] API Response: Array
(
    [result] => 1
    [code] => 100
    [message] => Message successfully sent.
)

[24-Jul-2023 03:20:11 Europe/Berlin] API Response: Array
(
    [result] => 1
    [code] => 100
    [message] => Message successfully sent.
)

[24-Jul-2023 03:25:28 Europe/Berlin] API Response: Array
(
    [result] => 1
    [code] => 100
    [message] => Message successfully sent.
)

[24-Jul-2023 03:25:59 Europe/Berlin] API Response: Array
(
    [result] => 
    [code] => 204
    [message] => Invalid recipient number.
)

[24-Jul-2023 03:26:07 Europe/Berlin] API Response: Array
(
    [result] => 1
    [code] => 100
    [message] => Message successfully sent.
)

[24-Jul-2023 03:53:31 Europe/Berlin] API Response: Array
(
    [result] => 1
    [code] => 100
    [message] => Message successfully sent.
)

[24-Jul-2023 08:20:13 Europe/Berlin] API Response: Array
(
    [result] => 1
    [code] => 100
    [message] => Message successfully sent.
)

[08-Aug-2023 08:27:19 Europe/Berlin] API Response: Array
(
    [result] => 1
    [code] => 100
    [message] => Message successfully sent.
)

[17-Aug-2023 06:58:08 Europe/Berlin] API Response: Array
(
    [result] => 1
    [code] => 100
    [message] => Message successfully sent.
)

[17-Aug-2023 06:58:43 Europe/Berlin] API Response: Array
(
    [result] => 1
    [code] => 100
    [message] => Message successfully sent.
)

[17-Aug-2023 06:59:48 Europe/Berlin] API Response: Array
(
    [result] => 1
    [code] => 100
    [message] => Message successfully sent.
)

[17-Aug-2023 06:59:48 Europe/Berlin] PHP Notice:  Trying to get property 'message' of non-object in C:\xampp\htdocs\smsui\www\ajax\sendsms.php on line 44
[17-Aug-2023 07:00:04 Europe/Berlin] API Response: Array
(
    [result] => 1
    [code] => 100
    [message] => Message successfully sent.
)

[17-Aug-2023 07:18:09 Europe/Berlin] API Response: Array
(
    [result] => 1
    [code] => 100
    [message] => Message successfully sent.
)

[18-Aug-2023 06:11:41 Europe/Berlin] API Response: Array
(
    [result] => 1
    [code] => 100
    [message] => Message successfully sent.
)

[18-Aug-2023 06:24:01 Europe/Berlin] API Response: Array
(
    [result] => 1
    [code] => 100
    [message] => Message successfully sent.
)

[18-Aug-2023 06:38:08 Europe/Berlin] API Response: Array
(
    [result] => 1
    [code] => 100
    [message] => Message successfully sent.
)

